<?xml version="1.0" encoding="UTF-8"?>
<testng-results ignored="0" total="1" passed="1" failed="0" skipped="0">
  <reporter-output>
  </reporter-output>
  <suite started-at="2023-06-21T15:20:59 IST" name="Default suite" finished-at="2023-06-21T15:20:59 IST" duration-ms="94">
    <groups>
    </groups>
    <test started-at="2023-06-21T15:20:59 IST" name="Default test" finished-at="2023-06-21T15:20:59 IST" duration-ms="94">
      <class name="test1">
        <test-method signature="streamcollections()[pri:0, instance:test1@7d4f9aae]" started-at="2023-06-21T15:20:59 IST" name="streamcollections" finished-at="2023-06-21T15:20:59 IST" duration-ms="18" status="PASS">
          <reporter-output>
          </reporter-output>
        </test-method> <!-- streamcollections -->
      </class> <!-- test1 -->
    </test> <!-- Default test -->
  </suite> <!-- Default suite -->
</testng-results>
